Build started 27/02/2016 19:55:30.
     1>Project "D:\Uni Work\Programming Software\TL-Engine\Projects\Assignment2.0\Assignment2.0.vcxproj" on node 2 (Build target(s)).
     1>ClCompile:
         D:\Uni Work\Programming Software\Visual Studio\VC\bin\CL.exe /c /I"D:\Uni Work\Programming Software\TL-Engine\TL-Engine\include" /ZI /nologo /W3 /WX- /Od /Oy- /D WIN32 /D _DEBUG /D _CONSOLE /D _UNICODE /D UNICODE /Gm /EHsc /RTC1 /MTd /GS /Gy /fp:fast /Zc:wchar_t /Zc:forScope /Zc:inline /Fo"Debug\\" /Fd"Debug\vc140.pdb" /Gd /TP /analyze- /errorReport:prompt Assignment2.0.cpp
         Assignment2.0.cpp
     1>d:\uni work\programming software\tl-engine\projects\assignment2.0\assignment2.0.cpp(180): warning C4244: 'argument': conversion from 'int' to 'const float', possible loss of data
     1>d:\uni work\programming software\tl-engine\projects\assignment2.0\assignment2.0.cpp(189): warning C4244: 'argument': conversion from 'int' to 'const float', possible loss of data
     1>d:\uni work\programming software\tl-engine\projects\assignment2.0\assignment2.0.cpp(206): warning C4244: 'argument': conversion from 'int' to 'const float', possible loss of data
     1>d:\uni work\programming software\tl-engine\projects\assignment2.0\assignment2.0.cpp(229): warning C4244: 'argument': conversion from 'int' to 'const float', possible loss of data
     1>d:\uni work\programming software\tl-engine\projects\assignment2.0\assignment2.0.cpp(240): warning C4244: 'argument': conversion from 'int' to 'const float', possible loss of data
     1>d:\uni work\programming software\tl-engine\projects\assignment2.0\assignment2.0.cpp(249): warning C4244: 'argument': conversion from 'int' to 'const float', possible loss of data
     1>d:\uni work\programming software\tl-engine\projects\assignment2.0\assignment2.0.cpp(266): warning C4244: 'argument': conversion from 'int' to 'const float', possible loss of data
     1>d:\uni work\programming software\tl-engine\projects\assignment2.0\assignment2.0.cpp(289): warning C4244: 'argument': conversion from 'int' to 'const float', possible loss of data
     1>d:\uni work\programming software\tl-engine\projects\assignment2.0\assignment2.0.cpp(300): warning C4244: 'argument': conversion from 'int' to 'const float', possible loss of data
     1>d:\uni work\programming software\tl-engine\projects\assignment2.0\assignment2.0.cpp(309): warning C4244: 'argument': conversion from 'int' to 'const float', possible loss of data
     1>d:\uni work\programming software\tl-engine\projects\assignment2.0\assignment2.0.cpp(326): warning C4244: 'argument': conversion from 'int' to 'const float', possible loss of data
     1>d:\uni work\programming software\tl-engine\projects\assignment2.0\assignment2.0.cpp(347): warning C4244: 'argument': conversion from 'int' to 'const float', possible loss of data
     1>d:\uni work\programming software\tl-engine\projects\assignment2.0\assignment2.0.cpp(375): warning C4244: 'argument': conversion from 'int' to 'const float', possible loss of data
     1>d:\uni work\programming software\tl-engine\projects\assignment2.0\assignment2.0.cpp(379): warning C4244: 'argument': conversion from 'int' to 'const float', possible loss of data
     1>d:\uni work\programming software\tl-engine\projects\assignment2.0\assignment2.0.cpp(383): warning C4244: 'argument': conversion from 'int' to 'const float', possible loss of data
     1>d:\uni work\programming software\tl-engine\projects\assignment2.0\assignment2.0.cpp(387): warning C4244: 'argument': conversion from 'int' to 'const float', possible loss of data
     1>d:\uni work\programming software\tl-engine\projects\assignment2.0\assignment2.0.cpp(397): warning C4244: 'argument': conversion from 'float' to 'const int', possible loss of data
       Link:
         D:\Uni Work\Programming Software\Visual Studio\VC\bin\link.exe /ERRORREPORT:PROMPT /OUT:"D:\Uni Work\Programming Software\TL-Engine\Projects\Assignment2.0\Assignment2.0Debug.exe" /INCREMENTAL /NOLOGO /LIBPATH:"D:\Uni Work\Programming Software\TL-Engine\TL-Engine\lib" "TL-Engine2015Debug.lib" kernel32.lib user32.lib gdi32.lib winspool.lib comdlg32.lib advapi32.lib shell32.lib ole32.lib oleaut32.lib uuid.lib odbc32.lib odbccp32.lib /MANIFEST:NO /Debug /PDB:"D:\Uni Work\Programming Software\TL-Engine\Projects\Assignment2.0\\Assignment2.0.pdb" /SUBSYSTEM:CONSOLE /TLBID:1 /DYNAMICBASE /IMPLIB:"D:\Uni Work\Programming Software\TL-Engine\Projects\Assignment2.0\\Assignment2.0Debug.lib" /MACHINE:X86 /SAFESEH:NO Debug\Assignment2.0.obj
     1>TL-Engine2015Debug.lib(TL-Engine.obj) : warning LNK4099: PDB 'TL-Engine.pdb' was not found with 'TL-Engine2015Debug.lib(TL-Engine.obj)' or at 'D:\Uni Work\Programming Software\TL-Engine\Projects\Assignment2.0\TL-Engine.pdb'; linking object as if no debug info
     1>TL-Engine2015Debug.lib(Errors.obj) : warning LNK4099: PDB 'Common.pdb' was not found with 'TL-Engine2015Debug.lib(Errors.obj)' or at 'D:\Uni Work\Programming Software\TL-Engine\Projects\Assignment2.0\Common.pdb'; linking object as if no debug info
     1>TL-Engine2015Debug.lib(TLXSprite.obj) : warning LNK4099: PDB '3DEngine.pdb' was not found with 'TL-Engine2015Debug.lib(TLXSprite.obj)' or at 'D:\Uni Work\Programming Software\TL-Engine\Projects\Assignment2.0\3DEngine.pdb'; linking object as if no debug info
     1>TL-Engine2015Debug.lib(TLXSceneNode.obj) : warning LNK4099: PDB '3DEngine.pdb' was not found with 'TL-Engine2015Debug.lib(TLXSceneNode.obj)' or at 'D:\Uni Work\Programming Software\TL-Engine\Projects\Assignment2.0\3DEngine.pdb'; linking object as if no debug info
     1>TL-Engine2015Debug.lib(TLXModelNode.obj) : warning LNK4099: PDB '3DEngine.pdb' was not found with 'TL-Engine2015Debug.lib(TLXModelNode.obj)' or at 'D:\Uni Work\Programming Software\TL-Engine\Projects\Assignment2.0\3DEngine.pdb'; linking object as if no debug info
     1>TL-Engine2015Debug.lib(TLXModel.obj) : warning LNK4099: PDB '3DEngine.pdb' was not found with 'TL-Engine2015Debug.lib(TLXModel.obj)' or at 'D:\Uni Work\Programming Software\TL-Engine\Projects\Assignment2.0\3DEngine.pdb'; linking object as if no debug info
     1>TL-Engine2015Debug.lib(TLXMesh.obj) : warning LNK4099: PDB '3DEngine.pdb' was not found with 'TL-Engine2015Debug.lib(TLXMesh.obj)' or at 'D:\Uni Work\Programming Software\TL-Engine\Projects\Assignment2.0\3DEngine.pdb'; linking object as if no debug info
     1>TL-Engine2015Debug.lib(TLXLight.obj) : warning LNK4099: PDB '3DEngine.pdb' was not found with 'TL-Engine2015Debug.lib(TLXLight.obj)' or at 'D:\Uni Work\Programming Software\TL-Engine\Projects\Assignment2.0\3DEngine.pdb'; linking object as if no debug info
     1>TL-Engine2015Debug.lib(TLXFont.obj) : warning LNK4099: PDB '3DEngine.pdb' was not found with 'TL-Engine2015Debug.lib(TLXFont.obj)' or at 'D:\Uni Work\Programming Software\TL-Engine\Projects\Assignment2.0\3DEngine.pdb'; linking object as if no debug info
     1>TL-Engine2015Debug.lib(TLXEngine.obj) : warning LNK4099: PDB '3DEngine.pdb' was not found with 'TL-Engine2015Debug.lib(TLXEngine.obj)' or at 'D:\Uni Work\Programming Software\TL-Engine\Projects\Assignment2.0\3DEngine.pdb'; linking object as if no debug info
     1>TL-Engine2015Debug.lib(TLXCamera.obj) : warning LNK4099: PDB '3DEngine.pdb' was not found with 'TL-Engine2015Debug.lib(TLXCamera.obj)' or at 'D:\Uni Work\Programming Software\TL-Engine\Projects\Assignment2.0\3DEngine.pdb'; linking object as if no debug info
     1>TL-Engine2015Debug.lib(IrrlichtSceneNode.obj) : warning LNK4099: PDB '3DEngine.pdb' was not found with 'TL-Engine2015Debug.lib(IrrlichtSceneNode.obj)' or at 'D:\Uni Work\Programming Software\TL-Engine\Projects\Assignment2.0\3DEngine.pdb'; linking object as if no debug info
     1>TL-Engine2015Debug.lib(IrrlichtModel.obj) : warning LNK4099: PDB '3DEngine.pdb' was not found with 'TL-Engine2015Debug.lib(IrrlichtModel.obj)' or at 'D:\Uni Work\Programming Software\TL-Engine\Projects\Assignment2.0\3DEngine.pdb'; linking object as if no debug info
     1>TL-Engine2015Debug.lib(IrrlichtMesh.obj) : warning LNK4099: PDB '3DEngine.pdb' was not found with 'TL-Engine2015Debug.lib(IrrlichtMesh.obj)' or at 'D:\Uni Work\Programming Software\TL-Engine\Projects\Assignment2.0\3DEngine.pdb'; linking object as if no debug info
     1>TL-Engine2015Debug.lib(IrrlichtLight.obj) : warning LNK4099: PDB '3DEngine.pdb' was not found with 'TL-Engine2015Debug.lib(IrrlichtLight.obj)' or at 'D:\Uni Work\Programming Software\TL-Engine\Projects\Assignment2.0\3DEngine.pdb'; linking object as if no debug info
     1>TL-Engine2015Debug.lib(IrrlichtInput.obj) : warning LNK4099: PDB '3DEngine.pdb' was not found with 'TL-Engine2015Debug.lib(IrrlichtInput.obj)' or at 'D:\Uni Work\Programming Software\TL-Engine\Projects\Assignment2.0\3DEngine.pdb'; linking object as if no debug info
     1>TL-Engine2015Debug.lib(IrrlichtFont.obj) : warning LNK4099: PDB '3DEngine.pdb' was not found with 'TL-Engine2015Debug.lib(IrrlichtFont.obj)' or at 'D:\Uni Work\Programming Software\TL-Engine\Projects\Assignment2.0\3DEngine.pdb'; linking object as if no debug info
     1>TL-Engine2015Debug.lib(IrrlichtEngine.obj) : warning LNK4099: PDB '3DEngine.pdb' was not found with 'TL-Engine2015Debug.lib(IrrlichtEngine.obj)' or at 'D:\Uni Work\Programming Software\TL-Engine\Projects\Assignment2.0\3DEngine.pdb'; linking object as if no debug info
     1>TL-Engine2015Debug.lib(IrrlichtCamera.obj) : warning LNK4099: PDB '3DEngine.pdb' was not found with 'TL-Engine2015Debug.lib(IrrlichtCamera.obj)' or at 'D:\Uni Work\Programming Software\TL-Engine\Projects\Assignment2.0\3DEngine.pdb'; linking object as if no debug info
         Assignment2.0.vcxproj -> D:\Uni Work\Programming Software\TL-Engine\Projects\Assignment2.0\\Assignment2.0Debug.exe
       PostBuildEvent:
         copy "D:\Uni Work\Programming Software\TL-Engine\TL-Engine\3rd Party\Irrlicht-0.7\bin\VisualStudio\IrrlichtDebug.dll" "D:\Uni Work\Programming Software\TL-Engine\Projects\Assignment2.0\\" > NUL
         copy "D:\Uni Work\Programming Software\TL-Engine\TL-Engine\3rd Party\TL-Xtreme\shader\*.*" "D:\Uni Work\Programming Software\TL-Engine\Projects\Assignment2.0\\" > NUL
         
         :VCEnd
     1>Done Building Project "D:\Uni Work\Programming Software\TL-Engine\Projects\Assignment2.0\Assignment2.0.vcxproj" (Build target(s)).

Build succeeded.

Time Elapsed 00:00:01.45
